[08:33:12.062] Logging setup complete.
[08:33:15.327] 
C:\Users\檀庭稳\Desktop\yaoshi\src\components\chat-msg\bottom-input\emoj.vue
  14:16  error  Type of the default value for 'emojiList' prop must be a function  vue/require-valid-default-prop

C:\Users\檀庭稳\Desktop\yaoshi\src\components\chat-msg\bottom-input\minxi\chat.js
   46:11  warning  'info' is defined but never used            no-unused-vars
   66:7   error    Unreachable code                            no-unreachable
   73:20  warning  'index' is defined but never used           no-unused-vars
   78:11  warning  Unexpected console statement                no-console
   82:11  warning  Unexpected console statement                no-console
   90:11  warning  '_this' is assigned a value but never used  no-unused-vars
  112:11  warning  Unexpected console statement                no-console
  118:11  warning  '_this' is assigned a value but never used  no-unused-vars
  137:11  warning  Unexpected console statement                no-console
  147:19  warning  'index' is defined but never used           no-unused-vars
  175:15  warning  'res' is defined but never used             no-unused-vars
  176:16  warning  'error' is defined but never used           no-unused-vars
  254:31  warning  'e' is defined but never used               no-unused-vars
  255:9   warning  Unexpected console statement                no-console
  258:31  warning  'e' is defined but never used               no-unused-vars
  259:9   warning  Unexpected console statement                no-console
  264:9   warning  Unexpected console statement                no-console
  361:7   warning  Unexpected console statement                no-console
  373:7   warning  Unexpected console statement                no-console
  374:7   warning  Unexpected console statement                no-console
  392:7   warning  Unexpected console statement                no-console
  410:7   warning  Unexpected console statement                no-console

C:\Users\檀庭稳\Desktop\yaoshi\src\components\chat-msg\chat-item.vue
  30:17  error  Name "Time" is reserved in HTML  vue/no-reserved-component-names
  63:34  error  Empty block statement            no-empty

C:\Users\檀庭稳\Desktop\yaoshi\src\components\chat-msg\chat-list.vue
  114:9   warning  Unexpected console statement      no-console
  160:20  warning  'item' is defined but never used  no-unused-vars
  178:29  warning  'res' is defined but never used   no-unused-vars
  190:29  warning  'res' is defined but never used   no-unused-vars

C:\Users\檀庭稳\Desktop\yaoshi\src\components\chat-msg\msg-template\parseHtml.js
  234:16  error    'pos' is already defined      no-redeclare
  318:30  warning  Unexpected console statement  no-console

C:\Users\檀庭稳\Desktop\yaoshi\src\components\chat-msg\msg-template\sound.vue
  46:11  warning  Unexpected console statement  no-console
  50:11  warning  Unexpected console statement  no-console

C:\Users\檀庭稳\Desktop\yaoshi\src\components\m-checkbox\m-checkbox.vue
   6:26  error    Parsing error: The keyword 'static' is reserved  vue/no-parsing-error
  10:70  error    Parsing error: The keyword 'static' is reserved  vue/no-parsing-error
  71:12  warning  'e' is defined but never used                    no-unused-vars

C:\Users\檀庭稳\Desktop\yaoshi\src\components\m-search\m-search.vue
   8:4   error    Parsing error: x-invalid-end-tag                           vue/no-parsing-error
   8:5   error    Parsing error: Void elements do not have end tags "input"  prettier/prettier
  38:21  warning  'oldVal' is defined but never used                         no-unused-vars

C:\Users\檀庭稳\Desktop\yaoshi\src\components\m-signBox\m-signBox.vue
  101:26  error  Promise executor functions should not be async  no-async-promise-executor

C:\Users\檀庭稳\Desktop\yaoshi\src\pages\faceRecognition\index.vue
   74:10  warning  'faceReg' is defined but never used  no-unused-vars
   99:7   warning  Unexpected console statement         no-console
  131:7   warning  Unexpected console statement         no-console
  191:7   warning  Unexpected console statement         no-console

C:\Users\檀庭稳\Desktop\yaoshi\src\pages\feedback\index.vue
  71:11  warning  Unexpected console statement  no-console

C:\Users\檀庭稳\Desktop\yaoshi\src\pages\login\index.vue
   83:15  warning  'res' is defined but never used  no-unused-vars
   85:11  warning  Unexpected console statement     no-console
  149:15  warning  Unexpected console statement     no-console
  153:15  error    'err' is not defined             no-undef
  159:11  warning  Unexpected console statement     no-console
  222:13  warning  Unexpected console statement     no-console

C:\Users\檀庭稳\Desktop\yaoshi\src\pages\login\question.vue
   8:50  error    Parsing error: x-invalid-end-tag                        vue/no-parsing-error
   8:51  error    Parsing error: Void elements do not have end tags "br"  prettier/prettier
   9:77  error    Parsing error: x-invalid-end-tag                        vue/no-parsing-error
  27:7   warning  Unexpected console statement                            no-console
  30:7   warning  Unexpected console statement                            no-console

C:\Users\檀庭稳\Desktop\yaoshi\src\pages\personalCenter\index.vue
  204:12  warning  'e' is defined but never used  no-unused-vars

C:\Users\檀庭稳\Desktop\yaoshi\src\pages\prescription\prescriptionDetail.vue
   97:5   warning  Unexpected console statement     no-console
  117:33  warning  'res' is defined but never used  no-unused-vars

C:\Users\檀庭稳\Desktop\yaoshi\src\pages\prescription\prescriptionList.vue
  153:7  warning  Unexpected console statement  no-console
  154:7  warning  Unexpected console statement  no-console

C:\Users\檀庭稳\Desktop\yaoshi\src\pages\realName\bankCard.vue
  242:13  warning  Unexpected console statement  no-console

C:\Users\檀庭稳\Desktop\yaoshi\src\pages\realName\credentials.vue
  94:11  warning  Unexpected console statement  no-console

C:\Users\檀庭稳\Desktop\yaoshi\src\pages\realName\idCard.vue
  111:11  warning  Unexpected console statement  no-console
  132:11  warning  Unexpected console statement  no-console

C:\Users\檀庭稳\Desktop\yaoshi\src\pages\realName\index.vue
  79:5  warning  Unexpected console statement  no-console

C:\Users\檀庭稳\Desktop\yaoshi\src\pages\realName\practice.vue
  95:11  warning  Unexpected console statement  no-console

C:\Users\檀庭稳\Desktop\yaoshi\src\pages\realName\sign.vue
  59:13  warning  Unexpected console statement  no-console

C:\Users\檀庭稳\Desktop\yaoshi\src\pages\realName\title.vue
  94:11  warning  Unexpected console statement  no-console

C:\Users\檀庭稳\Desktop\yaoshi\src\pages\setting\cancellation.vue
  44:27  warning  'res' is defined but never used  no-unused-vars
  49:17  warning  'res' is defined but never used  no-unused-vars

C:\Users\檀庭稳\Desktop\yaoshi\src\pages\setting\index.vue
  68:23  warning  'res' is defined but never used  no-unused-vars
  70:54  warning  'res' is defined but never used  no-unused-vars

C:\Users\檀庭稳\Desktop\yaoshi\src\pages\setting\phoneChange.vue
   50:25  warning  'res' is defined but never used  no-unused-vars
   97:26  warning  'res' is defined but never used  no-unused-vars
  103:40  warning  'res' is defined but never used  no-unused-vars

C:\Users\檀庭稳\Desktop\yaoshi\src\store\modules\im.js
  13:15  error  Do not access Object.prototype method 'hasOwnProperty' from target object  no-prototype-builtins
  22:7   error  'getTimInfo' is not defined                                                no-undef

C:\Users\檀庭稳\Desktop\yaoshi\src\store\modules\userInfo.js
  58:12  warning  'commit' is defined but never used    no-unused-vars
  58:20  warning  'state' is defined but never used     no-unused-vars
  58:27  warning  'dispatch' is defined but never used  no-unused-vars
  59:34  warning  'reject' is defined but never used    no-unused-vars

C:\Users\檀庭稳\Desktop\yaoshi\src\utils\enums.js
  38:7  error  Parsing error: Identifier 'envEnum' has already been declared

C:\Users\檀庭稳\Desktop\yaoshi\src\utils\im.js
  6:8  error  Parsing error: Identifier 'TIM' has already been declared

C:\Users\檀庭稳\Desktop\yaoshi\src\utils\permission.js
  37:9  warning  Unexpected console statement  no-console
  40:9  warning  Unexpected console statement  no-console
  43:9  warning  Unexpected console statement  no-console

C:\Users\檀庭稳\Desktop\yaoshi\src\utils\request.js
   5:18  warning  'vm' is defined but never used   no-unused-vars
  41:48  warning  'res' is defined but never used  no-unused-vars

C:\Users\檀庭稳\Desktop\yaoshi\src\utils\tools.js
  69:3  warning  Unexpected console statement  no-console
  70:3  warning  Unexpected console statement  no-console
  71:3  warning  Unexpected console statement  no-console

C:\Users\檀庭稳\Desktop\yaoshi\src\utils\websocket.js
   49:5  warning  Unexpected console statement  no-console
   59:5  warning  Unexpected console statement  no-console
   69:5  warning  Unexpected console statement  no-console
   75:5  warning  Unexpected console statement  no-console
  101:7  warning  Unexpected console statement  no-console
  107:7  warning  Unexpected console statement  no-console

C:\Users\檀庭稳\Desktop\yaoshi\src\utils\wxAuth.js
   7:87  error    Unexpected comma in middle of array             no-sparse-arrays
  23:22  error    Promise executor functions should not be async  no-async-promise-executor
  52:19  warning  Unexpected console statement                    no-console
  60:13  warning  Unexpected console statement                    no-console

✖ 102 problems (20 errors, 82 warnings)

[08:33:15.339] ExitCode 1
